2019-04-27 20:50:08 INFO  TesterProduct:17 - Product Id is: 1002
2019-04-27 20:50:08 INFO  TesterProduct:18 - Product Name is: T-Shirt
2019-04-27 20:50:08 INFO  TesterProduct:19 - Product Stock available is: 3
2019-04-27 21:02:03 INFO  TesterProduct:17 - Product Id is: 1002
2019-04-27 21:02:03 INFO  TesterProduct:18 - Product Name is: T-Shirt
2019-04-27 21:02:03 INFO  TesterProduct:19 - Product Stock available is: 3
2019-04-27 21:03:51 INFO  TesterProduct:17 - Product Id is: 1002
2019-04-27 21:03:51 INFO  TesterProduct:18 - Product Name is: T-Shirt
2019-04-27 21:03:51 INFO  TesterProduct:19 - Product Stock available is: 3
2019-04-27 21:04:49 INFO  TesterProduct:17 - Product Id is: 1002
2019-04-27 21:04:49 INFO  TesterProduct:18 - Product Name is: T-Shirt
2019-04-27 21:04:49 INFO  TesterProduct:19 - Product Stock available is: 3
2019-04-27 21:05:41 INFO  TesterProduct:17 - Product Id is: 1002
2019-04-27 21:05:41 INFO  TesterProduct:18 - Product Name is: T-Shirt
2019-04-27 21:05:41 INFO  TesterProduct:19 - Product Stock available is: 3
2019-04-27 21:08:12 INFO  TesterProduct:17 - Product Id is: 1002
2019-04-27 21:08:12 INFO  TesterProduct:18 - Product Name is: T-Shirt
2019-04-27 21:08:12 INFO  TesterProduct:19 - Product Stock available is: 3
2019-04-27 21:08:12 WARN  TesterProduct:26 - Only 1 T-Shirt left
2019-04-27 21:08:12 ERROR TesterProduct:34 - T-Shirt out of stock
2019-04-27 21:08:54 INFO  TesterProduct:17 - Product Id is: 1002
2019-04-27 21:08:54 INFO  TesterProduct:18 - Product Name is: T-Shirt
2019-04-27 21:08:54 INFO  TesterProduct:19 - Product Stock available is: 3
2019-04-27 21:08:54 WARN  TesterProduct:26 - Only 1 T-Shirt left
2019-04-27 21:08:54 ERROR TesterProduct:34 - T-Shirt out of stock
2019-04-27 21:11:45 INFO  TesterProduct:17 - Product Id is: 1002
2019-04-27 21:11:45 INFO  TesterProduct:18 - Product Name is: T-Shirt
2019-04-27 21:11:45 INFO  TesterProduct:19 - Product Stock available is: 3
2019-04-27 21:11:45 INFO  TesterProduct:24 - Stock left are: 2
2019-04-27 21:11:45 INFO  TesterProduct:26 - Stock left are: 1
2019-04-27 21:11:45 WARN  TesterProduct:28 - Only 1 T-Shirt left
2019-04-27 21:11:45 INFO  TesterProduct:31 - Stock left are: 0
2019-04-27 21:11:45 ERROR TesterProduct:37 - T-Shirt out of stock
2019-04-27 21:11:45 INFO  TesterProduct:41 - Stock left are: -1
